<?xml version="1.0" encoding="UTF-8"?>
<testsuite name="runners.MyTest" tests="1" skipped="0" failures="0" errors="0" timestamp="2021-07-23T03:25:59" hostname="DESKTOP-ABM5QIP" time="0.005">
  <properties/>
  <testcase name="calcular" classname="runners.MyTest" time="0.005"/>
  <system-out><![CDATA[valor 1 5.6743764E7valor 2 9.1579512E7
]]></system-out>
  <system-err><![CDATA[]]></system-err>
</testsuite>
